*** Starting uWSGI 2.0.25.1 (64bit) on [Wed Jun  5 10:53:23 2024] ***
compiled with version: Apple LLVM 15.0.0 (clang-1500.3.9.4) on 15 April 2024 19:43:55
os: Darwin-23.0.0 Darwin Kernel Version 23.0.0: Fri Sep 15 14:41:34 PDT 2023; root:xnu-10002.1.13~1/RELEASE_ARM64_T8103
nodename: pyeondohun-ui-MacBookPro.local
machine: arm64
clock source: unix
pcre jit disabled
detected number of CPU cores: 8
current working directory: /Users/pyundohoon/Documents/mysite
detected binary path: /opt/homebrew/Cellar/uwsgi/2.0.25.1/bin/uwsgi
chdir() to /Users/pyundohoon/Documents/mysite
your processes number limit is 2666
your memory page size is 16384 bytes
detected max file descriptor number: 2560
lock engine: OSX spinlocks
thunder lock: disabled (you can enable it with --thunder-lock)
The -s/--socket option is missing and stdin is not a socket.
*** Starting uWSGI 2.0.25.1 (64bit) on [Wed Jun  5 10:54:42 2024] ***
compiled with version: Apple LLVM 15.0.0 (clang-1500.3.9.4) on 15 April 2024 19:43:55
os: Darwin-23.0.0 Darwin Kernel Version 23.0.0: Fri Sep 15 14:41:34 PDT 2023; root:xnu-10002.1.13~1/RELEASE_ARM64_T8103
nodename: pyeondohun-ui-MacBookPro.local
machine: arm64
clock source: unix
pcre jit disabled
detected number of CPU cores: 8
current working directory: /Users/pyundohoon/Documents/mysite
detected binary path: /opt/homebrew/Cellar/uwsgi/2.0.25.1/bin/uwsgi
chdir() to /Users/pyundohoon/Documents/mysite
your processes number limit is 2666
your memory page size is 16384 bytes
detected max file descriptor number: 2560
lock engine: OSX spinlocks
thunder lock: disabled (you can enable it with --thunder-lock)
The -s/--socket option is missing and stdin is not a socket.
*** Starting uWSGI 2.0.25.1 (64bit) on [Wed Jun  5 10:56:49 2024] ***
compiled with version: Apple LLVM 15.0.0 (clang-1500.3.9.4) on 15 April 2024 19:43:55
os: Darwin-23.0.0 Darwin Kernel Version 23.0.0: Fri Sep 15 14:41:34 PDT 2023; root:xnu-10002.1.13~1/RELEASE_ARM64_T8103
nodename: pyeondohun-ui-MacBookPro.local
machine: arm64
clock source: unix
pcre jit disabled
detected number of CPU cores: 8
current working directory: /Users/pyundohoon/Documents/mysite
detected binary path: /opt/homebrew/Cellar/uwsgi/2.0.25.1/bin/uwsgi
chdir() to /Users/pyundohoon/Documents/mysite
your processes number limit is 2666
your memory page size is 16384 bytes
detected max file descriptor number: 2560
lock engine: OSX spinlocks
thunder lock: disabled (you can enable it with --thunder-lock)
The -s/--socket option is missing and stdin is not a socket.
*** Starting uWSGI 2.0.25.1 (64bit) on [Wed Jun  5 10:59:27 2024] ***
compiled with version: Apple LLVM 15.0.0 (clang-1500.3.9.4) on 15 April 2024 19:43:55
os: Darwin-23.0.0 Darwin Kernel Version 23.0.0: Fri Sep 15 14:41:34 PDT 2023; root:xnu-10002.1.13~1/RELEASE_ARM64_T8103
nodename: pyeondohun-ui-MacBookPro.local
machine: arm64
clock source: unix
pcre jit disabled
detected number of CPU cores: 8
current working directory: /Users/pyundohoon/Documents/mysite
detected binary path: /opt/homebrew/Cellar/uwsgi/2.0.25.1/bin/uwsgi
chdir() to /Users/pyundohoon/Documents/mysite
your processes number limit is 2666
your memory page size is 16384 bytes
detected max file descriptor number: 2560
lock engine: OSX spinlocks
thunder lock: disabled (you can enable it with --thunder-lock)
uwsgi socket 0 bound to UNIX address /Users/pyundohoon/Documents/mysite/mysite.sock fd 3
your server socket listen backlog is limited to 100 connections
your mercy for graceful operations on workers is 60 seconds
mapped 145824 bytes (142 KB) for 1 cores
*** Operational MODE: single process ***
*** no app loaded. going in full dynamic mode ***
*** uWSGI is running in multiple interpreter mode ***
!!!!!!!!!!!!!! WARNING !!!!!!!!!!!!!!
no request plugin is loaded, you will not be able to manage requests.
you may need to install the package for your language of choice, or simply load it with --plugin.
!!!!!!!!!!! END OF WARNING !!!!!!!!!!
spawned uWSGI master process (pid: 40903)
spawned uWSGI worker 1 (pid: 40904, cores: 1)
SIGINT/SIGTERM received...killing workers...
worker 1 buried after 1 seconds
goodbye to uWSGI.
VACUUM: unix socket /Users/pyundohoon/Documents/mysite/mysite.sock removed.
*** Starting uWSGI 2.0.25.1 (64bit) on [Wed Jun  5 11:03:07 2024] ***
compiled with version: Apple LLVM 15.0.0 (clang-1500.3.9.4) on 15 April 2024 19:43:55
os: Darwin-23.0.0 Darwin Kernel Version 23.0.0: Fri Sep 15 14:41:34 PDT 2023; root:xnu-10002.1.13~1/RELEASE_ARM64_T8103
nodename: pyeondohun-ui-MacBookPro.local
machine: arm64
clock source: unix
pcre jit disabled
detected number of CPU cores: 8
current working directory: /Users/pyundohoon/Documents/mysite
detected binary path: /opt/homebrew/Cellar/uwsgi/2.0.25.1/bin/uwsgi
chdir() to /Users/pyundohoon/Documents/mysite
your processes number limit is 2666
your memory page size is 16384 bytes
detected max file descriptor number: 2560
lock engine: OSX spinlocks
thunder lock: disabled (you can enable it with --thunder-lock)
uwsgi socket 0 bound to UNIX address /Users/pyundohoon/Documents/mysite/mysite.sock fd 3
your server socket listen backlog is limited to 100 connections
your mercy for graceful operations on workers is 60 seconds
mapped 437472 bytes (427 KB) for 5 cores
*** Operational MODE: preforking ***
*** no app loaded. going in full dynamic mode ***
*** uWSGI is running in multiple interpreter mode ***
!!!!!!!!!!!!!! WARNING !!!!!!!!!!!!!!
no request plugin is loaded, you will not be able to manage requests.
you may need to install the package for your language of choice, or simply load it with --plugin.
!!!!!!!!!!! END OF WARNING !!!!!!!!!!
spawned uWSGI master process (pid: 41024)
spawned uWSGI worker 1 (pid: 41025, cores: 1)
spawned uWSGI worker 2 (pid: 41026, cores: 1)
spawned uWSGI worker 3 (pid: 41027, cores: 1)
spawned uWSGI worker 4 (pid: 41028, cores: 1)
spawned uWSGI worker 5 (pid: 41029, cores: 1)
*** Stats server enabled on :9191 fd: 17 ***
SIGINT/SIGTERM received...killing workers...
worker 5 buried after 0 seconds
worker 4 buried after 0 seconds
worker 3 buried after 0 seconds
worker 2 buried after 0 seconds
worker 1 buried after 0 seconds
goodbye to uWSGI.
VACUUM: unix socket /Users/pyundohoon/Documents/mysite/mysite.sock removed.
*** Starting uWSGI 2.0.25.1 (64bit) on [Wed Jun  5 11:04:53 2024] ***
compiled with version: Apple LLVM 15.0.0 (clang-1500.3.9.4) on 15 April 2024 19:43:55
os: Darwin-23.0.0 Darwin Kernel Version 23.0.0: Fri Sep 15 14:41:34 PDT 2023; root:xnu-10002.1.13~1/RELEASE_ARM64_T8103
nodename: pyeondohun-ui-MacBookPro.local
machine: arm64
clock source: unix
pcre jit disabled
detected number of CPU cores: 8
current working directory: /Users/pyundohoon/Documents/mysite
detected binary path: /opt/homebrew/Cellar/uwsgi/2.0.25.1/bin/uwsgi
chdir() to /Users/pyundohoon/Documents/mysite
your processes number limit is 2666
your memory page size is 16384 bytes
detected max file descriptor number: 2560
lock engine: OSX spinlocks
thunder lock: disabled (you can enable it with --thunder-lock)
uwsgi socket 0 bound to UNIX address /Users/pyundohoon/Documents/mysite/mysite.sock fd 3
your server socket listen backlog is limited to 100 connections
your mercy for graceful operations on workers is 60 seconds
mapped 437472 bytes (427 KB) for 5 cores
*** Operational MODE: preforking ***
*** no app loaded. going in full dynamic mode ***
*** uWSGI is running in multiple interpreter mode ***
!!!!!!!!!!!!!! WARNING !!!!!!!!!!!!!!
no request plugin is loaded, you will not be able to manage requests.
you may need to install the package for your language of choice, or simply load it with --plugin.
!!!!!!!!!!! END OF WARNING !!!!!!!!!!
spawned uWSGI master process (pid: 41102)
spawned uWSGI worker 1 (pid: 41103, cores: 1)
spawned uWSGI worker 2 (pid: 41104, cores: 1)
spawned uWSGI worker 3 (pid: 41105, cores: 1)
spawned uWSGI worker 4 (pid: 41106, cores: 1)
spawned uWSGI worker 5 (pid: 41107, cores: 1)
*** Stats server enabled on :9191 fd: 17 ***
SIGINT/SIGTERM received...killing workers...
worker 5 buried after 1 seconds
worker 4 buried after 1 seconds
worker 3 buried after 1 seconds
worker 2 buried after 1 seconds
worker 1 buried after 1 seconds
goodbye to uWSGI.
VACUUM: unix socket /Users/pyundohoon/Documents/mysite/mysite.sock removed.
*** Starting uWSGI 2.0.25.1 (64bit) on [Wed Jun  5 11:05:20 2024] ***
compiled with version: Apple LLVM 15.0.0 (clang-1500.3.9.4) on 15 April 2024 19:43:55
os: Darwin-23.0.0 Darwin Kernel Version 23.0.0: Fri Sep 15 14:41:34 PDT 2023; root:xnu-10002.1.13~1/RELEASE_ARM64_T8103
nodename: pyeondohun-ui-MacBookPro.local
machine: arm64
clock source: unix
pcre jit disabled
detected number of CPU cores: 8
current working directory: /Users/pyundohoon/Documents/mysite
detected binary path: /opt/homebrew/Cellar/uwsgi/2.0.25.1/bin/uwsgi
chdir() to /Users/pyundohoon/Documents/mysite
your processes number limit is 2666
your memory page size is 16384 bytes
detected max file descriptor number: 2560
lock engine: OSX spinlocks
thunder lock: disabled (you can enable it with --thunder-lock)
uwsgi socket 0 bound to UNIX address /Users/pyundohoon/Documents/mysite/mysite.sock fd 3
Python version: 3.12.3 (main, Apr  9 2024, 08:09:14) [Clang 15.0.0 (clang-1500.3.9.4)]
PEP 405 virtualenv detected: /Users/pyundohoon/Documents/newenv
Set PythonHome to /Users/pyundohoon/Documents/newenv
Python main interpreter initialized at 0x104718888
python threads support enabled
your server socket listen backlog is limited to 100 connections
your mercy for graceful operations on workers is 60 seconds
mapped 437472 bytes (427 KB) for 5 cores
*** Operational MODE: preforking ***
Traceback (most recent call last):
  File "/Users/pyundohoon/Documents/mysite/config/wsgi.py", line 12, in <module>
    from django.core.wsgi import get_wsgi_application
ModuleNotFoundError: No module named 'django'
unable to load app 0 (mountpoint='') (callable not found or import error)
*** no app loaded. going in full dynamic mode ***
*** uWSGI is running in multiple interpreter mode ***
spawned uWSGI master process (pid: 41126)
spawned uWSGI worker 1 (pid: 41127, cores: 1)
spawned uWSGI worker 2 (pid: 41128, cores: 1)
spawned uWSGI worker 3 (pid: 41129, cores: 1)
spawned uWSGI worker 4 (pid: 41130, cores: 1)
spawned uWSGI worker 5 (pid: 41131, cores: 1)
*** Stats server enabled on :9191 fd: 17 ***
SIGINT/SIGTERM received...killing workers...
worker 5 buried after 1 seconds
worker 4 buried after 1 seconds
worker 3 buried after 1 seconds
worker 2 buried after 1 seconds
worker 1 buried after 1 seconds
goodbye to uWSGI.
VACUUM: unix socket /Users/pyundohoon/Documents/mysite/mysite.sock removed.
*** Starting uWSGI 2.0.25.1 (64bit) on [Wed Jun  5 11:14:47 2024] ***
compiled with version: Apple LLVM 15.0.0 (clang-1500.3.9.4) on 15 April 2024 19:43:55
os: Darwin-23.0.0 Darwin Kernel Version 23.0.0: Fri Sep 15 14:41:34 PDT 2023; root:xnu-10002.1.13~1/RELEASE_ARM64_T8103
nodename: pyeondohun-ui-MacBookPro.local
machine: arm64
clock source: unix
pcre jit disabled
detected number of CPU cores: 8
current working directory: /Users/pyundohoon/Documents/mysite
detected binary path: /opt/homebrew/Cellar/uwsgi/2.0.25.1/bin/uwsgi
chdir() to /Users/pyundohoon/Documents/mysite
your processes number limit is 2666
your memory page size is 16384 bytes
detected max file descriptor number: 2560
lock engine: OSX spinlocks
thunder lock: disabled (you can enable it with --thunder-lock)
uwsgi socket 0 bound to UNIX address /Users/pyundohoon/Documents/mysite/mysite.sock fd 3
Python version: 3.12.3 (main, Apr  9 2024, 08:09:14) [Clang 15.0.0 (clang-1500.3.9.4)]
PEP 405 virtualenv detected: /Users/pyundohoon/Documents/newenv
Set PythonHome to /Users/pyundohoon/Documents/newenv
Python main interpreter initialized at 0x103b48888
python threads support enabled
your server socket listen backlog is limited to 100 connections
your mercy for graceful operations on workers is 60 seconds
mapped 437472 bytes (427 KB) for 5 cores
*** Operational MODE: preforking ***
Traceback (most recent call last):
  File "/Users/pyundohoon/Documents/mysite/config/wsgi.py", line 12, in <module>
    from django.core.wsgi import get_wsgi_application
ModuleNotFoundError: No module named 'django'
unable to load app 0 (mountpoint='') (callable not found or import error)
*** no app loaded. going in full dynamic mode ***
*** uWSGI is running in multiple interpreter mode ***
spawned uWSGI master process (pid: 41384)
spawned uWSGI worker 1 (pid: 41385, cores: 1)
spawned uWSGI worker 2 (pid: 41386, cores: 1)
spawned uWSGI worker 3 (pid: 41387, cores: 1)
spawned uWSGI worker 4 (pid: 41388, cores: 1)
spawned uWSGI worker 5 (pid: 41389, cores: 1)
*** Stats server enabled on :9191 fd: 17 ***
SIGINT/SIGTERM received...killing workers...
worker 5 buried after 1 seconds
worker 4 buried after 1 seconds
worker 3 buried after 1 seconds
worker 2 buried after 1 seconds
worker 1 buried after 1 seconds
goodbye to uWSGI.
VACUUM: unix socket /Users/pyundohoon/Documents/mysite/mysite.sock removed.
